# JRE version: OpenJDK Runtime Environment (8.0_242-b01) (build 1.8.0_242-release-1644-b01)
# Java VM: OpenJDK 64-Bit Server VM (25.242-b01 mixed mode windows-amd64 compressed oops)
Heap:
 PSYoungGen      total 371712K, used 36592K [0x00000000d5580000, 0x00000000eed00000, 0x0000000100000000)
  eden space 327680K, 6% used [0x00000000d5580000,0x00000000d691f098,0x00000000e9580000)
  from space 44032K, 37% used [0x00000000ebe80000,0x00000000ece9d208,0x00000000ee980000)
  to   space 41984K, 0% used [0x00000000e9580000,0x00000000e9580000,0x00000000ebe80000)
 ParOldGen       total 111104K, used 63966K [0x0000000080000000, 0x0000000086c80000, 0x00000000d5580000)
  object space 111104K, 57% used [0x0000000080000000,0x0000000083e778f8,0x0000000086c80000)
 Metaspace       used 121360K, capacity 127580K, committed 127848K, reserved 1161216K
  class space    used 15765K, capacity 16917K, committed 17040K, reserved 1048576K
GC Heap History (10 events):
Event: 5960.878 GC heap before
{Heap before GC invocations=29 (full 4):
 PSYoungGen      total 320000K, used 202736K [0x00000000d5580000, 0x00000000eb400000, 0x0000000100000000)
  eden space 289280K, 62% used [0x00000000d5580000,0x00000000e0617350,0x00000000e7000000)
  from space 30720K, 71% used [0x00000000e8f80000,0x00000000ea4e4db8,0x00000000ead80000)
  to   space 32256K, 0% used [0x00000000e7000000,0x00000000e7000000,0x00000000e8f80000)
 ParOldGen       total 111104K, used 64345K [0x0000000080000000, 0x0000000086c80000, 0x00000000d5580000)
  object space 111104K, 57% used [0x0000000080000000,0x0000000083ed6690,0x0000000086c80000)
 Metaspace       used 106397K, capacity 111650K, committed 111976K, reserved 1146880K
  class space    used 13820K, capacity 14873K, committed 14992K, reserved 1048576K
Event: 5962.833 GC heap after
Heap after GC invocations=29 (full 4):
 PSYoungGen      total 321536K, used 29731K [0x00000000d5580000, 0x00000000ebc00000, 0x0000000100000000)
  eden space 289280K, 0% used [0x00000000d5580000,0x00000000d5580000,0x00000000e7000000)
  from space 32256K, 92% used [0x00000000e7000000,0x00000000e8d08eb0,0x00000000e8f80000)
  to   space 36352K, 0% used [0x00000000e9880000,0x00000000e9880000,0x00000000ebc00000)
 ParOldGen       total 111104K, used 64353K [0x0000000080000000, 0x0000000086c80000, 0x00000000d5580000)
  object space 111104K, 57% used [0x0000000080000000,0x0000000083ed8690,0x0000000086c80000)
 Metaspace       used 106397K, capacity 111650K, committed 111976K, reserved 1146880K
  class space    used 13820K, capacity 14873K, committed 14992K, reserved 1048576K
}
Event: 5962.835 GC heap before
{Heap before GC invocations=30 (full 5):
 PSYoungGen      total 321536K, used 29731K [0x00000000d5580000, 0x00000000ebc00000, 0x0000000100000000)
  eden space 289280K, 0% used [0x00000000d5580000,0x00000000d5580000,0x00000000e7000000)
  from space 32256K, 92% used [0x00000000e7000000,0x00000000e8d08eb0,0x00000000e8f80000)
  to   space 36352K, 0% used [0x00000000e9880000,0x00000000e9880000,0x00000000ebc00000)
 ParOldGen       total 111104K, used 64353K [0x0000000080000000, 0x0000000086c80000, 0x00000000d5580000)
  object space 111104K, 57% used [0x0000000080000000,0x0000000083ed8690,0x0000000086c80000)
 Metaspace       used 106397K, capacity 111650K, committed 111976K, reserved 1146880K
  class space    used 13820K, capacity 14873K, committed 14992K, reserved 1048576K
Event: 5973.408 GC heap after
Heap after GC invocations=30 (full 5):
 PSYoungGen      total 321536K, used 0K [0x00000000d5580000, 0x00000000ebc00000, 0x0000000100000000)
  eden space 289280K, 0% used [0x00000000d5580000,0x00000000d5580000,0x00000000e7000000)
  from space 32256K, 0% used [0x00000000e7000000,0x00000000e7000000,0x00000000e8f80000)
  to   space 36352K, 0% used [0x00000000e9880000,0x00000000e9880000,0x00000000ebc00000)
 ParOldGen       total 111104K, used 63934K [0x0000000080000000, 0x0000000086c80000, 0x00000000d5580000)
  object space 111104K, 57% used [0x0000000080000000,0x0000000083e6f8f8,0x0000000086c80000)
 Metaspace       used 105540K, capacity 110208K, committed 111976K, reserved 1146880K
  class space    used 13652K, capacity 14558K, committed 14992K, reserved 1048576K
}
Event: 6100.637 GC heap before
{Heap before GC invocations=31 (full 5):
 PSYoungGen      total 321536K, used 289280K [0x00000000d5580000, 0x00000000ebc00000, 0x0000000100000000)
  eden space 289280K, 100% used [0x00000000d5580000,0x00000000e7000000,0x00000000e7000000)
  from space 32256K, 0% used [0x00000000e7000000,0x00000000e7000000,0x00000000e8f80000)
  to   space 36352K, 0% used [0x00000000e9880000,0x00000000e9880000,0x00000000ebc00000)
 ParOldGen       total 111104K, used 63934K [0x0000000080000000, 0x0000000086c80000, 0x00000000d5580000)
  object space 111104K, 57% used [0x0000000080000000,0x0000000083e6f8f8,0x0000000086c80000)
 Metaspace       used 119624K, capacity 125614K, committed 125928K, reserved 1159168K
  class space    used 15607K, capacity 16728K, committed 16912K, reserved 1048576K
Event: 6103.558 GC heap after
Heap after GC invocations=31 (full 5):
 PSYoungGen      total 325120K, used 36110K [0x00000000d5580000, 0x00000000ede80000, 0x0000000100000000)
  eden space 288768K, 0% used [0x00000000d5580000,0x00000000d5580000,0x00000000e6f80000)
  from space 36352K, 99% used [0x00000000e9880000,0x00000000ebbc3b40,0x00000000ebc00000)
  to   space 41984K, 0% used [0x00000000e6f80000,0x00000000e6f80000,0x00000000e9880000)
 ParOldGen       total 111104K, used 63950K [0x0000000080000000, 0x0000000086c80000, 0x00000000d5580000)
  object space 111104K, 57% used [0x0000000080000000,0x0000000083e738f8,0x0000000086c80000)
 Metaspace       used 119624K, capacity 125614K, committed 125928K, reserved 1159168K
  class space    used 15607K, capacity 16728K, committed 16912K, reserved 1048576K
}
Event: 6124.977 GC heap before
{Heap before GC invocations=32 (full 5):
 PSYoungGen      total 325120K, used 324878K [0x00000000d5580000, 0x00000000ede80000, 0x0000000100000000)
  eden space 288768K, 100% used [0x00000000d5580000,0x00000000e6f80000,0x00000000e6f80000)
  from space 36352K, 99% used [0x00000000e9880000,0x00000000ebbc3b40,0x00000000ebc00000)
  to   space 41984K, 0% used [0x00000000e6f80000,0x00000000e6f80000,0x00000000e9880000)
 ParOldGen       total 111104K, used 63950K [0x0000000080000000, 0x0000000086c80000, 0x00000000d5580000)
  object space 111104K, 57% used [0x0000000080000000,0x0000000083e738f8,0x0000000086c80000)
 Metaspace       used 120955K, capacity 127104K, committed 127336K, reserved 1159168K
  class space    used 15745K, capacity 16901K, committed 17040K, reserved 1048576K
Event: 6126.733 GC heap after
Heap after GC invocations=32 (full 5):
 PSYoungGen      total 330752K, used 28804K [0x00000000d5580000, 0x00000000ee980000, 0x0000000100000000)
  eden space 288768K, 0% used [0x00000000d5580000,0x00000000d5580000,0x00000000e6f80000)
  from space 41984K, 68% used [0x00000000e6f80000,0x00000000e8ba1340,0x00000000e9880000)
  to   space 44032K, 0% used [0x00000000ebe80000,0x00000000ebe80000,0x00000000ee980000)
 ParOldGen       total 111104K, used 63958K [0x0000000080000000, 0x0000000086c80000, 0x00000000d5580000)
  object space 111104K, 57% used [0x0000000080000000,0x0000000083e758f8,0x0000000086c80000)
 Metaspace       used 120955K, capacity 127104K, committed 127336K, reserved 1159168K
  class space    used 15745K, capacity 16901K, committed 17040K, reserved 1048576K
}
Event: 6146.278 GC heap before
{Heap before GC invocations=33 (full 5):
 PSYoungGen      total 330752K, used 317572K [0x00000000d5580000, 0x00000000ee980000, 0x0000000100000000)
  eden space 288768K, 100% used [0x00000000d5580000,0x00000000e6f80000,0x00000000e6f80000)
  from space 41984K, 68% used [0x00000000e6f80000,0x00000000e8ba1340,0x00000000e9880000)
  to   space 44032K, 0% used [0x00000000ebe80000,0x00000000ebe80000,0x00000000ee980000)
 ParOldGen       total 111104K, used 63958K [0x0000000080000000, 0x0000000086c80000, 0x00000000d5580000)
  object space 111104K, 57% used [0x0000000080000000,0x0000000083e758f8,0x0000000086c80000)
 Metaspace       used 121352K, capacity 127576K, committed 127848K, reserved 1161216K
  class space    used 15765K, capacity 16917K, committed 17040K, reserved 1048576K
Event: 6148.579 GC heap after
Heap after GC invocations=33 (full 5):
 PSYoungGen      total 371712K, used 16500K [0x00000000d5580000, 0x00000000eed00000, 0x0000000100000000)
  eden space 327680K, 0% used [0x00000000d5580000,0x00000000d5580000,0x00000000e9580000)
  from space 44032K, 37% used [0x00000000ebe80000,0x00000000ece9d208,0x00000000ee980000)
  to   space 41984K, 0% used [0x00000000e9580000,0x00000000e9580000,0x00000000ebe80000)
 ParOldGen       total 111104K, used 63966K [0x0000000080000000, 0x0000000086c80000, 0x00000000d5580000)
  object space 111104K, 57% used [0x0000000080000000,0x0000000083e778f8,0x0000000086c80000)
 Metaspace       used 121352K, capacity 127576K, committed 127848K, reserved 1161216K
  class space    used 15765K, capacity 16917K, committed 17040K, reserved 1048576K
}

