# JRE version: OpenJDK Runtime Environment (8.0_242-b01) (build 1.8.0_242-release-1644-b01)
# Java VM: OpenJDK 64-Bit Server VM (25.242-b01 mixed mode windows-amd64 compressed oops)
Heap:
 PSYoungGen      total 252928K, used 89365K [0x00000000d5580000, 0x00000000eba80000, 0x0000000100000000)
  eden space 180224K, 9% used [0x00000000d5580000,0x00000000d65c8a00,0x00000000e0580000)
  from space 72704K, 99% used [0x00000000e5800000,0x00000000e9efcd30,0x00000000e9f00000)
  to   space 84480K, 0% used [0x00000000e0580000,0x00000000e0580000,0x00000000e5800000)
 ParOldGen       total 168960K, used 100926K [0x0000000080000000, 0x000000008a500000, 0x00000000d5580000)
  object space 168960K, 59% used [0x0000000080000000,0x000000008628fb58,0x000000008a500000)
 Metaspace       used 168097K, capacity 175013K, committed 175320K, reserved 1202176K
  class space    used 21206K, capacity 22481K, committed 22528K, reserved 1048576K
GC Heap History (10 events):
Event: 4929.295 GC heap before
{Heap before GC invocations=66 (full 5):
 PSYoungGen      total 216064K, used 198553K [0x00000000d5580000, 0x00000000e6200000, 0x0000000100000000)
  eden space 161792K, 100% used [0x00000000d5580000,0x00000000df380000,0x00000000df380000)
  from space 54272K, 67% used [0x00000000e2a80000,0x00000000e4e66418,0x00000000e5f80000)
  to   space 56320K, 0% used [0x00000000df380000,0x00000000df380000,0x00000000e2a80000)
 ParOldGen       total 100352K, used 73694K [0x0000000080000000, 0x0000000086200000, 0x00000000d5580000)
  object space 100352K, 73% used [0x0000000080000000,0x00000000847f7818,0x0000000086200000)
 Metaspace       used 135841K, capacity 142653K, committed 142936K, reserved 1173504K
  class space    used 17489K, capacity 18761K, committed 18816K, reserved 1048576K
Event: 4929.709 GC heap after
Heap after GC invocations=66 (full 5):
 PSYoungGen      total 218112K, used 56292K [0x00000000d5580000, 0x00000000e8b00000, 0x0000000100000000)
  eden space 161792K, 0% used [0x00000000d5580000,0x00000000d5580000,0x00000000df380000)
  from space 56320K, 99% used [0x00000000df380000,0x00000000e2a79208,0x00000000e2a80000)
  to   space 71680K, 0% used [0x00000000e4500000,0x00000000e4500000,0x00000000e8b00000)
 ParOldGen       total 100352K, used 90281K [0x0000000080000000, 0x0000000086200000, 0x00000000d5580000)
  object space 100352K, 89% used [0x0000000080000000,0x000000008582a448,0x0000000086200000)
 Metaspace       used 135841K, capacity 142653K, committed 142936K, reserved 1173504K
  class space    used 17489K, capacity 18761K, committed 18816K, reserved 1048576K
}
Event: 4929.710 GC heap before
{Heap before GC invocations=67 (full 6):
 PSYoungGen      total 218112K, used 56292K [0x00000000d5580000, 0x00000000e8b00000, 0x0000000100000000)
  eden space 161792K, 0% used [0x00000000d5580000,0x00000000d5580000,0x00000000df380000)
  from space 56320K, 99% used [0x00000000df380000,0x00000000e2a79208,0x00000000e2a80000)
  to   space 71680K, 0% used [0x00000000e4500000,0x00000000e4500000,0x00000000e8b00000)
 ParOldGen       total 100352K, used 90281K [0x0000000080000000, 0x0000000086200000, 0x00000000d5580000)
  object space 100352K, 89% used [0x0000000080000000,0x000000008582a448,0x0000000086200000)
 Metaspace       used 135841K, capacity 142653K, committed 142936K, reserved 1173504K
  class space    used 17489K, capacity 18761K, committed 18816K, reserved 1048576K
Event: 4935.260 GC heap after
Heap after GC invocations=67 (full 6):
 PSYoungGen      total 218112K, used 6785K [0x00000000d5580000, 0x00000000e8b00000, 0x0000000100000000)
  eden space 161792K, 0% used [0x00000000d5580000,0x00000000d5580000,0x00000000df380000)
  from space 56320K, 12% used [0x00000000df380000,0x00000000dfa20470,0x00000000e2a80000)
  to   space 71680K, 0% used [0x00000000e4500000,0x00000000e4500000,0x00000000e8b00000)
 ParOldGen       total 168960K, used 100225K [0x0000000080000000, 0x000000008a500000, 0x00000000d5580000)
  object space 168960K, 59% used [0x0000000080000000,0x00000000861e0658,0x000000008a500000)
 Metaspace       used 135422K, capacity 141601K, committed 142936K, reserved 1173504K
  class space    used 17339K, capacity 18495K, committed 18816K, reserved 1048576K
}
Event: 4962.309 GC heap before
{Heap before GC invocations=68 (full 6):
 PSYoungGen      total 218112K, used 168577K [0x00000000d5580000, 0x00000000e8b00000, 0x0000000100000000)
  eden space 161792K, 100% used [0x00000000d5580000,0x00000000df380000,0x00000000df380000)
  from space 56320K, 12% used [0x00000000df380000,0x00000000dfa20470,0x00000000e2a80000)
  to   space 71680K, 0% used [0x00000000e4500000,0x00000000e4500000,0x00000000e8b00000)
 ParOldGen       total 168960K, used 100225K [0x0000000080000000, 0x000000008a500000, 0x00000000d5580000)
  object space 168960K, 59% used [0x0000000080000000,0x00000000861e0658,0x000000008a500000)
 Metaspace       used 147456K, capacity 154113K, committed 154840K, reserved 1183744K
  class space    used 18761K, capacity 20009K, committed 20224K, reserved 1048576K
Event: 4962.952 GC heap after
Heap after GC invocations=68 (full 6):
 PSYoungGen      total 244224K, used 34200K [0x00000000d5580000, 0x00000000e8800000, 0x0000000100000000)
  eden space 175616K, 0% used [0x00000000d5580000,0x00000000d5580000,0x00000000e0100000)
  from space 68608K, 49% used [0x00000000e4500000,0x00000000e6666370,0x00000000e8800000)
  to   space 69120K, 0% used [0x00000000e0100000,0x00000000e0100000,0x00000000e4480000)
 ParOldGen       total 168960K, used 100337K [0x0000000080000000, 0x000000008a500000, 0x00000000d5580000)
  object space 168960K, 59% used [0x0000000080000000,0x00000000861fc658,0x000000008a500000)
 Metaspace       used 147456K, capacity 154113K, committed 154840K, reserved 1183744K
  class space    used 18761K, capacity 20009K, committed 20224K, reserved 1048576K
}
Event: 5004.858 GC heap before
{Heap before GC invocations=69 (full 6):
 PSYoungGen      total 244224K, used 209816K [0x00000000d5580000, 0x00000000e8800000, 0x0000000100000000)
  eden space 175616K, 100% used [0x00000000d5580000,0x00000000e0100000,0x00000000e0100000)
  from space 68608K, 49% used [0x00000000e4500000,0x00000000e6666370,0x00000000e8800000)
  to   space 69120K, 0% used [0x00000000e0100000,0x00000000e0100000,0x00000000e4480000)
 ParOldGen       total 168960K, used 100337K [0x0000000080000000, 0x000000008a500000, 0x00000000d5580000)
  object space 168960K, 59% used [0x0000000080000000,0x00000000861fc658,0x000000008a500000)
 Metaspace       used 159984K, capacity 166945K, committed 167256K, reserved 1196032K
  class space    used 20313K, capacity 21565K, committed 21632K, reserved 1048576K
Event: 5006.330 GC heap after
Heap after GC invocations=69 (full 6):
 PSYoungGen      total 244736K, used 49610K [0x00000000d5580000, 0x00000000e9f00000, 0x0000000100000000)
  eden space 175616K, 0% used [0x00000000d5580000,0x00000000d5580000,0x00000000e0100000)
  from space 69120K, 71% used [0x00000000e0100000,0x00000000e3172930,0x00000000e4480000)
  to   space 72704K, 0% used [0x00000000e5800000,0x00000000e5800000,0x00000000e9f00000)
 ParOldGen       total 168960K, used 100345K [0x0000000080000000, 0x000000008a500000, 0x00000000d5580000)
  object space 168960K, 59% used [0x0000000080000000,0x00000000861fe658,0x000000008a500000)
 Metaspace       used 159984K, capacity 166945K, committed 167256K, reserved 1196032K
  class space    used 20313K, capacity 21565K, committed 21632K, reserved 1048576K
}
Event: 5018.494 GC heap before
{Heap before GC invocations=70 (full 6):
 PSYoungGen      total 244736K, used 225226K [0x00000000d5580000, 0x00000000e9f00000, 0x0000000100000000)
  eden space 175616K, 100% used [0x00000000d5580000,0x00000000e0100000,0x00000000e0100000)
  from space 69120K, 71% used [0x00000000e0100000,0x00000000e3172930,0x00000000e4480000)
  to   space 72704K, 0% used [0x00000000e5800000,0x00000000e5800000,0x00000000e9f00000)
 ParOldGen       total 168960K, used 100345K [0x0000000080000000, 0x000000008a500000, 0x00000000d5580000)
  object space 168960K, 59% used [0x0000000080000000,0x00000000861fe658,0x000000008a500000)
 Metaspace       used 167102K, capacity 174009K, committed 174168K, reserved 1202176K
  class space    used 21109K, capacity 22382K, committed 22400K, reserved 1048576K
Event: 5019.614 GC heap after
Heap after GC invocations=70 (full 6):
 PSYoungGen      total 252928K, used 72691K [0x00000000d5580000, 0x00000000eba80000, 0x0000000100000000)
  eden space 180224K, 0% used [0x00000000d5580000,0x00000000d5580000,0x00000000e0580000)
  from space 72704K, 99% used [0x00000000e5800000,0x00000000e9efcd30,0x00000000e9f00000)
  to   space 84480K, 0% used [0x00000000e0580000,0x00000000e0580000,0x00000000e5800000)
 ParOldGen       total 168960K, used 100926K [0x0000000080000000, 0x000000008a500000, 0x00000000d5580000)
  object space 168960K, 59% used [0x0000000080000000,0x000000008628fb58,0x000000008a500000)
 Metaspace       used 167102K, capacity 174009K, committed 174168K, reserved 1202176K
  class space    used 21109K, capacity 22382K, committed 22400K, reserved 1048576K
}

